<?xml version="1.0" encoding="UTF-8"?>
<testng-results ignored="14" total="134" passed="120" failed="0" skipped="0">
  <reporter-output>
    <line>
      <![CDATA[Extent Report DirectoryC:\Users\imani\IdeaProjects\CNN-Module\CNN\test-output\html]]>
    </line>
  </reporter-output>
  <suite started-at="2019-10-12T05:58:20 EDT" name="CNN Automation Script " finished-at="2019-10-12T06:24:58 EDT" duration-ms="1597323">
    <groups>
    </groups>
    <test started-at="2019-10-12T05:58:20 EDT" name="CNN HomePage Test" finished-at="2019-10-12T06:24:58 EDT" duration-ms="1597323">
      <class name="home.TestTypeText">
        <test-method is-config="true" signature="setUp(java.lang.String)[pri:0, instance:home.TestTypeText@6f03482]" started-at="2019-10-12T06:14:04 EDT" name="setUp" finished-at="2019-10-12T06:14:19 EDT" duration-ms="14657" status="PASS">
          <params>
            <param index="0">
              <value>
                <![CDATA[https://www.cnn.com]]>
              </value>
            </param>
          </params>
          <reporter-output>
          </reporter-output>
        </test-method> <!-- setUp -->
        <test-method is-config="true" signature="startExtent(java.lang.reflect.Method)[pri:0, instance:home.TestTypeText@6f03482]" started-at="2019-10-12T06:14:19 EDT" name="startExtent" finished-at="2019-10-12T06:14:19 EDT" duration-ms="0" status="PASS">
          <params>
            <param index="0">
              <value>
                <![CDATA[public void home.TestTypeText.typeBusiness()]]>
              </value>
            </param>
          </params>
          <reporter-output>
          </reporter-output>
        </test-method> <!-- startExtent -->
        <test-method signature="typeBusiness()[pri:0, instance:home.TestTypeText@6f03482]" started-at="2019-10-12T06:14:19 EDT" name="typeBusiness" finished-at="2019-10-12T06:14:19 EDT" duration-ms="0" status="PASS">
          <reporter-output>
          </reporter-output>
        </test-method> <!-- typeBusiness -->
        <test-method is-config="true" signature="afterEachTestMethod(org.testng.ITestResult)[pri:0, instance:home.TestTypeText@6f03482]" started-at="2019-10-12T06:14:19 EDT" name="afterEachTestMethod" finished-at="2019-10-12T06:14:19 EDT" duration-ms="85" status="PASS">
          <params>
            <param index="0">
              <value>
                <![CDATA[[TestResult name=typeBusiness status=SUCCESS method=TestTypeText.typeBusiness()[pri:0, instance:home.TestTypeText@6f03482] output={null}]]]>
              </value>
            </param>
          </params>
          <reporter-output>
          </reporter-output>
        </test-method> <!-- afterEachTestMethod -->
        <test-method is-config="true" signature="cleanUp()[pri:0, instance:home.TestTypeText@6f03482]" started-at="2019-10-12T06:14:19 EDT" name="cleanUp" finished-at="2019-10-12T06:14:20 EDT" duration-ms="698" status="PASS">
          <reporter-output>
          </reporter-output>
        </test-method> <!-- cleanUp -->
        <test-method is-config="true" signature="setUp(java.lang.String)[pri:0, instance:home.TestTypeText@6f03482]" started-at="2019-10-12T06:14:20 EDT" name="setUp" finished-at="2019-10-12T06:14:29 EDT" duration-ms="9201" status="PASS">
          <params>
            <param index="0">
              <value>
                <![CDATA[https://www.cnn.com]]>
              </value>
            </param>
          </params>
          <reporter-output>
          </reporter-output>
        </test-method> <!-- setUp -->
        <test-method is-config="true" signature="startExtent(java.lang.reflect.Method)[pri:0, instance:home.TestTypeText@6f03482]" started-at="2019-10-12T06:14:29 EDT" name="startExtent" finished-at="2019-10-12T06:14:29 EDT" duration-ms="1" status="PASS">
          <params>
            <param index="0">
              <value>
                <![CDATA[public void home.TestTypeText.typeCollege()]]>
              </value>
            </param>
          </params>
          <reporter-output>
          </reporter-output>
        </test-method> <!-- startExtent -->
        <test-method signature="typeCollege()[pri:0, instance:home.TestTypeText@6f03482]" started-at="2019-10-12T06:14:29 EDT" name="typeCollege" finished-at="2019-10-12T06:14:29 EDT" duration-ms="0" status="PASS">
          <reporter-output>
          </reporter-output>
        </test-method> <!-- typeCollege -->
        <test-method is-config="true" signature="afterEachTestMethod(org.testng.ITestResult)[pri:0, instance:home.TestTypeText@6f03482]" started-at="2019-10-12T06:14:29 EDT" name="afterEachTestMethod" finished-at="2019-10-12T06:14:29 EDT" duration-ms="63" status="PASS">
          <params>
            <param index="0">
              <value>
                <![CDATA[[TestResult name=typeCollege status=SUCCESS method=TestTypeText.typeCollege()[pri:0, instance:home.TestTypeText@6f03482] output={null}]]]>
              </value>
            </param>
          </params>
          <reporter-output>
          </reporter-output>
        </test-method> <!-- afterEachTestMethod -->
        <test-method is-config="true" signature="cleanUp()[pri:0, instance:home.TestTypeText@6f03482]" started-at="2019-10-12T06:14:29 EDT" name="cleanUp" finished-at="2019-10-12T06:14:30 EDT" duration-ms="599" status="PASS">
          <reporter-output>
          </reporter-output>
        </test-method> <!-- cleanUp -->
        <test-method is-config="true" signature="setUp(java.lang.String)[pri:0, instance:home.TestTypeText@6f03482]" started-at="2019-10-12T06:14:30 EDT" name="setUp" finished-at="2019-10-12T06:14:42 EDT" duration-ms="11927" status="PASS">
          <params>
            <param index="0">
              <value>
                <![CDATA[https://www.cnn.com]]>
              </value>
            </param>
          </params>
          <reporter-output>
          </reporter-output>
        </test-method> <!-- setUp -->
        <test-method is-config="true" signature="startExtent(java.lang.reflect.Method)[pri:0, instance:home.TestTypeText@6f03482]" started-at="2019-10-12T06:14:42 EDT" name="startExtent" finished-at="2019-10-12T06:14:42 EDT" duration-ms="0" status="PASS">
          <params>
            <param index="0">
              <value>
                <![CDATA[public void home.TestTypeText.typeConstitution()]]>
              </value>
            </param>
          </params>
          <reporter-output>
          </reporter-output>
        </test-method> <!-- startExtent -->
        <test-method signature="typeConstitution()[pri:0, instance:home.TestTypeText@6f03482]" started-at="2019-10-12T06:14:42 EDT" name="typeConstitution" finished-at="2019-10-12T06:14:42 EDT" duration-ms="0" status="PASS">
          <reporter-output>
          </reporter-output>
        </test-method> <!-- typeConstitution -->
        <test-method is-config="true" signature="afterEachTestMethod(org.testng.ITestResult)[pri:0, instance:home.TestTypeText@6f03482]" started-at="2019-10-12T06:14:42 EDT" name="afterEachTestMethod" finished-at="2019-10-12T06:14:42 EDT" duration-ms="66" status="PASS">
          <params>
            <param index="0">
              <value>
                <![CDATA[[TestResult name=typeConstitution status=SUCCESS method=TestTypeText.typeConstitution()[pri:0, instance:home.TestTypeText@6f03482] output={null}]]]>
              </value>
            </param>
          </params>
          <reporter-output>
          </reporter-output>
        </test-method> <!-- afterEachTestMethod -->
        <test-method is-config="true" signature="cleanUp()[pri:0, instance:home.TestTypeText@6f03482]" started-at="2019-10-12T06:14:42 EDT" name="cleanUp" finished-at="2019-10-12T06:14:42 EDT" duration-ms="627" status="PASS">
          <reporter-output>
          </reporter-output>
        </test-method> <!-- cleanUp -->
        <test-method is-config="true" signature="setUp(java.lang.String)[pri:0, instance:home.TestTypeText@6f03482]" started-at="2019-10-12T06:14:42 EDT" name="setUp" finished-at="2019-10-12T06:14:52 EDT" duration-ms="9213" status="PASS">
          <params>
            <param index="0">
              <value>
                <![CDATA[https://www.cnn.com]]>
              </value>
            </param>
          </params>
          <reporter-output>
          </reporter-output>
        </test-method> <!-- setUp -->
        <test-method is-config="true" signature="startExtent(java.lang.reflect.Method)[pri:0, instance:home.TestTypeText@6f03482]" started-at="2019-10-12T06:14:52 EDT" name="startExtent" finished-at="2019-10-12T06:14:52 EDT" duration-ms="1" status="PASS">
          <params>
            <param index="0">
              <value>
                <![CDATA[public void home.TestTypeText.typeDemocrats()]]>
              </value>
            </param>
          </params>
          <reporter-output>
          </reporter-output>
        </test-method> <!-- startExtent -->
        <test-method is-config="true" signature="afterEachTestMethod(org.testng.ITestResult)[pri:0, instance:home.TestTypeText@6f03482]" started-at="2019-10-12T06:14:52 EDT" name="afterEachTestMethod" finished-at="2019-10-12T06:14:52 EDT" duration-ms="73" status="PASS">
          <params>
            <param index="0">
              <value>
                <![CDATA[[TestResult name=typeDemocrats status=SUCCESS method=TestTypeText.typeDemocrats()[pri:0, instance:home.TestTypeText@6f03482] output={null}]]]>
              </value>
            </param>
          </params>
          <reporter-output>
          </reporter-output>
        </test-method> <!-- afterEachTestMethod -->
        <test-method signature="typeDemocrats()[pri:0, instance:home.TestTypeText@6f03482]" started-at="2019-10-12T06:14:52 EDT" name="typeDemocrats" finished-at="2019-10-12T06:14:52 EDT" duration-ms="0" status="PASS">
          <reporter-output>
          </reporter-output>
        </test-method> <!-- typeDemocrats -->
        <test-method is-config="true" signature="cleanUp()[pri:0, instance:home.TestTypeText@6f03482]" started-at="2019-10-12T06:14:52 EDT" name="cleanUp" finished-at="2019-10-12T06:14:52 EDT" duration-ms="784" status="PASS">
          <reporter-output>
          </reporter-output>
        </test-method> <!-- cleanUp -->
        <test-method is-config="true" signature="setUp(java.lang.String)[pri:0, instance:home.TestTypeText@6f03482]" started-at="2019-10-12T06:14:52 EDT" name="setUp" finished-at="2019-10-12T06:15:09 EDT" duration-ms="16502" status="PASS">
          <params>
            <param index="0">
              <value>
                <![CDATA[https://www.cnn.com]]>
              </value>
            </param>
          </params>
          <reporter-output>
          </reporter-output>
        </test-method> <!-- setUp -->
        <test-method is-config="true" signature="startExtent(java.lang.reflect.Method)[pri:0, instance:home.TestTypeText@6f03482]" started-at="2019-10-12T06:15:09 EDT" name="startExtent" finished-at="2019-10-12T06:15:09 EDT" duration-ms="1" status="PASS">
          <params>
            <param index="0">
              <value>
                <![CDATA[public void home.TestTypeText.typeEconomy()]]>
              </value>
            </param>
          </params>
          <reporter-output>
          </reporter-output>
        </test-method> <!-- startExtent -->
        <test-method signature="typeEconomy()[pri:0, instance:home.TestTypeText@6f03482]" started-at="2019-10-12T06:15:09 EDT" name="typeEconomy" finished-at="2019-10-12T06:15:09 EDT" duration-ms="0" status="PASS">
          <reporter-output>
          </reporter-output>
        </test-method> <!-- typeEconomy -->
        <test-method is-config="true" signature="afterEachTestMethod(org.testng.ITestResult)[pri:0, instance:home.TestTypeText@6f03482]" started-at="2019-10-12T06:15:09 EDT" name="afterEachTestMethod" finished-at="2019-10-12T06:15:09 EDT" duration-ms="68" status="PASS">
          <params>
            <param index="0">
              <value>
                <![CDATA[[TestResult name=typeEconomy status=SUCCESS method=TestTypeText.typeEconomy()[pri:0, instance:home.TestTypeText@6f03482] output={null}]]]>
              </value>
            </param>
          </params>
          <reporter-output>
          </reporter-output>
        </test-method> <!-- afterEachTestMethod -->
        <test-method is-config="true" signature="cleanUp()[pri:0, instance:home.TestTypeText@6f03482]" started-at="2019-10-12T06:15:09 EDT" name="cleanUp" finished-at="2019-10-12T06:15:10 EDT" duration-ms="796" status="PASS">
          <reporter-output>
          </reporter-output>
        </test-method> <!-- cleanUp -->
        <test-method is-config="true" signature="setUp(java.lang.String)[pri:0, instance:home.TestTypeText@6f03482]" started-at="2019-10-12T06:15:10 EDT" name="setUp" finished-at="2019-10-12T06:15:23 EDT" duration-ms="12904" status="PASS">
          <params>
            <param index="0">
              <value>
                <![CDATA[https://www.cnn.com]]>
              </value>
            </param>
          </params>
          <reporter-output>
          </reporter-output>
        </test-method> <!-- setUp -->
        <test-method is-config="true" signature="startExtent(java.lang.reflect.Method)[pri:0, instance:home.TestTypeText@6f03482]" started-at="2019-10-12T06:15:23 EDT" name="startExtent" finished-at="2019-10-12T06:15:23 EDT" duration-ms="1" status="PASS">
          <params>
            <param index="0">
              <value>
                <![CDATA[public void home.TestTypeText.typeFBI()]]>
              </value>
            </param>
          </params>
          <reporter-output>
          </reporter-output>
        </test-method> <!-- startExtent -->
        <test-method signature="typeFBI()[pri:0, instance:home.TestTypeText@6f03482]" started-at="2019-10-12T06:15:23 EDT" name="typeFBI" finished-at="2019-10-12T06:15:23 EDT" duration-ms="1" status="PASS">
          <reporter-output>
          </reporter-output>
        </test-method> <!-- typeFBI -->
        <test-method is-config="true" signature="afterEachTestMethod(org.testng.ITestResult)[pri:0, instance:home.TestTypeText@6f03482]" started-at="2019-10-12T06:15:23 EDT" name="afterEachTestMethod" finished-at="2019-10-12T06:15:23 EDT" duration-ms="74" status="PASS">
          <params>
            <param index="0">
              <value>
                <![CDATA[[TestResult name=typeFBI status=SUCCESS method=TestTypeText.typeFBI()[pri:0, instance:home.TestTypeText@6f03482] output={null}]]]>
              </value>
            </param>
          </params>
          <reporter-output>
          </reporter-output>
        </test-method> <!-- afterEachTestMethod -->
        <test-method is-config="true" signature="cleanUp()[pri:0, instance:home.TestTypeText@6f03482]" started-at="2019-10-12T06:15:23 EDT" name="cleanUp" finished-at="2019-10-12T06:15:23 EDT" duration-ms="604" status="PASS">
          <reporter-output>
          </reporter-output>
        </test-method> <!-- cleanUp -->
        <test-method is-config="true" signature="setUp(java.lang.String)[pri:0, instance:home.TestTypeText@6f03482]" started-at="2019-10-12T06:15:23 EDT" name="setUp" finished-at="2019-10-12T06:15:33 EDT" duration-ms="9705" status="PASS">
          <params>
            <param index="0">
              <value>
                <![CDATA[https://www.cnn.com]]>
              </value>
            </param>
          </params>
          <reporter-output>
          </reporter-output>
        </test-method> <!-- setUp -->
        <test-method is-config="true" signature="startExtent(java.lang.reflect.Method)[pri:0, instance:home.TestTypeText@6f03482]" started-at="2019-10-12T06:15:33 EDT" name="startExtent" finished-at="2019-10-12T06:15:33 EDT" duration-ms="1" status="PASS">
          <params>
            <param index="0">
              <value>
                <![CDATA[public void home.TestTypeText.typeGadget()]]>
              </value>
            </param>
          </params>
          <reporter-output>
          </reporter-output>
        </test-method> <!-- startExtent -->
        <test-method is-config="true" signature="afterEachTestMethod(org.testng.ITestResult)[pri:0, instance:home.TestTypeText@6f03482]" started-at="2019-10-12T06:15:33 EDT" name="afterEachTestMethod" finished-at="2019-10-12T06:15:33 EDT" duration-ms="53" status="PASS">
          <params>
            <param index="0">
              <value>
                <![CDATA[[TestResult name=typeGadget status=SUCCESS method=TestTypeText.typeGadget()[pri:0, instance:home.TestTypeText@6f03482] output={null}]]]>
              </value>
            </param>
          </params>
          <reporter-output>
          </reporter-output>
        </test-method> <!-- afterEachTestMethod -->
        <test-method signature="typeGadget()[pri:0, instance:home.TestTypeText@6f03482]" started-at="2019-10-12T06:15:33 EDT" name="typeGadget" finished-at="2019-10-12T06:15:33 EDT" duration-ms="0" status="PASS">
          <reporter-output>
          </reporter-output>
        </test-method> <!-- typeGadget -->
        <test-method is-config="true" signature="cleanUp()[pri:0, instance:home.TestTypeText@6f03482]" started-at="2019-10-12T06:15:33 EDT" name="cleanUp" finished-at="2019-10-12T06:15:34 EDT" duration-ms="630" status="PASS">
          <reporter-output>
          </reporter-output>
        </test-method> <!-- cleanUp -->
        <test-method is-config="true" signature="setUp(java.lang.String)[pri:0, instance:home.TestTypeText@6f03482]" started-at="2019-10-12T06:15:34 EDT" name="setUp" finished-at="2019-10-12T06:15:47 EDT" duration-ms="12764" status="PASS">
          <params>
            <param index="0">
              <value>
                <![CDATA[https://www.cnn.com]]>
              </value>
            </param>
          </params>
          <reporter-output>
          </reporter-output>
        </test-method> <!-- setUp -->
        <test-method is-config="true" signature="startExtent(java.lang.reflect.Method)[pri:0, instance:home.TestTypeText@6f03482]" started-at="2019-10-12T06:15:47 EDT" name="startExtent" finished-at="2019-10-12T06:15:47 EDT" duration-ms="1" status="PASS">
          <params>
            <param index="0">
              <value>
                <![CDATA[public void home.TestTypeText.typeGmMode()]]>
              </value>
            </param>
          </params>
          <reporter-output>
          </reporter-output>
        </test-method> <!-- startExtent -->
        <test-method is-config="true" signature="afterEachTestMethod(org.testng.ITestResult)[pri:0, instance:home.TestTypeText@6f03482]" started-at="2019-10-12T06:15:47 EDT" name="afterEachTestMethod" finished-at="2019-10-12T06:15:47 EDT" duration-ms="61" status="PASS">
          <params>
            <param index="0">
              <value>
                <![CDATA[[TestResult name=typeGmMode status=SUCCESS method=TestTypeText.typeGmMode()[pri:0, instance:home.TestTypeText@6f03482] output={null}]]]>
              </value>
            </param>
          </params>
          <reporter-output>
          </reporter-output>
        </test-method> <!-- afterEachTestMethod -->
        <test-method signature="typeGmMode()[pri:0, instance:home.TestTypeText@6f03482]" started-at="2019-10-12T06:15:47 EDT" name="typeGmMode" finished-at="2019-10-12T06:15:47 EDT" duration-ms="0" status="PASS">
          <reporter-output>
          </reporter-output>
        </test-method> <!-- typeGmMode -->
        <test-method is-config="true" signature="cleanUp()[pri:0, instance:home.TestTypeText@6f03482]" started-at="2019-10-12T06:15:47 EDT" name="cleanUp" finished-at="2019-10-12T06:15:47 EDT" duration-ms="619" status="PASS">
          <reporter-output>
          </reporter-output>
        </test-method> <!-- cleanUp -->
        <test-method is-config="true" signature="setUp(java.lang.String)[pri:0, instance:home.TestTypeText@6f03482]" started-at="2019-10-12T06:15:47 EDT" name="setUp" finished-at="2019-10-12T06:16:00 EDT" duration-ms="12375" status="PASS">
          <params>
            <param index="0">
              <value>
                <![CDATA[https://www.cnn.com]]>
              </value>
            </param>
          </params>
          <reporter-output>
          </reporter-output>
        </test-method> <!-- setUp -->
        <test-method is-config="true" signature="afterEachTestMethod(org.testng.ITestResult)[pri:0, instance:home.TestTypeText@6f03482]" started-at="2019-10-12T06:16:00 EDT" name="afterEachTestMethod" finished-at="2019-10-12T06:16:00 EDT" duration-ms="54" status="PASS">
          <params>
            <param index="0">
              <value>
                <![CDATA[[TestResult name=typeImpeachment status=SUCCESS method=TestTypeText.typeImpeachment()[pri:0, instance:home.TestTypeText@6f03482] output={null}]]]>
              </value>
            </param>
          </params>
          <reporter-output>
          </reporter-output>
        </test-method> <!-- afterEachTestMethod -->
        <test-method signature="typeImpeachment()[pri:0, instance:home.TestTypeText@6f03482]" started-at="2019-10-12T06:16:00 EDT" name="typeImpeachment" finished-at="2019-10-12T06:16:00 EDT" duration-ms="0" status="PASS">
          <reporter-output>
          </reporter-output>
        </test-method> <!-- typeImpeachment -->
        <test-method is-config="true" signature="startExtent(java.lang.reflect.Method)[pri:0, instance:home.TestTypeText@6f03482]" started-at="2019-10-12T06:16:00 EDT" name="startExtent" finished-at="2019-10-12T06:16:00 EDT" duration-ms="0" status="PASS">
          <params>
            <param index="0">
              <value>
                <![CDATA[public void home.TestTypeText.typeImpeachment()]]>
              </value>
            </param>
          </params>
          <reporter-output>
          </reporter-output>
        </test-method> <!-- startExtent -->
        <test-method is-config="true" signature="cleanUp()[pri:0, instance:home.TestTypeText@6f03482]" started-at="2019-10-12T06:16:00 EDT" name="cleanUp" finished-at="2019-10-12T06:16:00 EDT" duration-ms="717" status="PASS">
          <reporter-output>
          </reporter-output>
        </test-method> <!-- cleanUp -->
        <test-method is-config="true" signature="setUp(java.lang.String)[pri:0, instance:home.TestTypeText@6f03482]" started-at="2019-10-12T06:16:00 EDT" name="setUp" finished-at="2019-10-12T06:16:10 EDT" duration-ms="9922" status="PASS">
          <params>
            <param index="0">
              <value>
                <![CDATA[https://www.cnn.com]]>
              </value>
            </param>
          </params>
          <reporter-output>
          </reporter-output>
        </test-method> <!-- setUp -->
        <test-method is-config="true" signature="startExtent(java.lang.reflect.Method)[pri:0, instance:home.TestTypeText@6f03482]" started-at="2019-10-12T06:16:10 EDT" name="startExtent" finished-at="2019-10-12T06:16:10 EDT" duration-ms="0" status="PASS">
          <params>
            <param index="0">
              <value>
                <![CDATA[public void home.TestTypeText.typeIphone()]]>
              </value>
            </param>
          </params>
          <reporter-output>
          </reporter-output>
        </test-method> <!-- startExtent -->
        <test-method is-config="true" signature="afterEachTestMethod(org.testng.ITestResult)[pri:0, instance:home.TestTypeText@6f03482]" started-at="2019-10-12T06:16:10 EDT" name="afterEachTestMethod" finished-at="2019-10-12T06:16:10 EDT" duration-ms="62" status="PASS">
          <params>
            <param index="0">
              <value>
                <![CDATA[[TestResult name=typeIphone status=SUCCESS method=TestTypeText.typeIphone()[pri:0, instance:home.TestTypeText@6f03482] output={null}]]]>
              </value>
            </param>
          </params>
          <reporter-output>
          </reporter-output>
        </test-method> <!-- afterEachTestMethod -->
        <test-method signature="typeIphone()[pri:0, instance:home.TestTypeText@6f03482]" started-at="2019-10-12T06:16:10 EDT" name="typeIphone" finished-at="2019-10-12T06:16:10 EDT" duration-ms="0" status="PASS">
          <reporter-output>
          </reporter-output>
        </test-method> <!-- typeIphone -->
        <test-method is-config="true" signature="cleanUp()[pri:0, instance:home.TestTypeText@6f03482]" started-at="2019-10-12T06:16:10 EDT" name="cleanUp" finished-at="2019-10-12T06:16:11 EDT" duration-ms="481" status="PASS">
          <reporter-output>
          </reporter-output>
        </test-method> <!-- cleanUp -->
        <test-method is-config="true" signature="setUp(java.lang.String)[pri:0, instance:home.TestTypeText@6f03482]" started-at="2019-10-12T06:16:11 EDT" name="setUp" finished-at="2019-10-12T06:16:23 EDT" duration-ms="12433" status="PASS">
          <params>
            <param index="0">
              <value>
                <![CDATA[https://www.cnn.com]]>
              </value>
            </param>
          </params>
          <reporter-output>
          </reporter-output>
        </test-method> <!-- setUp -->
        <test-method is-config="true" signature="startExtent(java.lang.reflect.Method)[pri:0, instance:home.TestTypeText@6f03482]" started-at="2019-10-12T06:16:23 EDT" name="startExtent" finished-at="2019-10-12T06:16:23 EDT" duration-ms="1" status="PASS">
          <params>
            <param index="0">
              <value>
                <![CDATA[public void home.TestTypeText.typeIphonePro()]]>
              </value>
            </param>
          </params>
          <reporter-output>
          </reporter-output>
        </test-method> <!-- startExtent -->
        <test-method signature="typeIphonePro()[pri:0, instance:home.TestTypeText@6f03482]" started-at="2019-10-12T06:16:23 EDT" name="typeIphonePro" finished-at="2019-10-12T06:16:23 EDT" duration-ms="0" status="PASS">
          <reporter-output>
          </reporter-output>
        </test-method> <!-- typeIphonePro -->
        <test-method is-config="true" signature="afterEachTestMethod(org.testng.ITestResult)[pri:0, instance:home.TestTypeText@6f03482]" started-at="2019-10-12T06:16:23 EDT" name="afterEachTestMethod" finished-at="2019-10-12T06:16:23 EDT" duration-ms="64" status="PASS">
          <params>
            <param index="0">
              <value>
                <![CDATA[[TestResult name=typeIphonePro status=SUCCESS method=TestTypeText.typeIphonePro()[pri:0, instance:home.TestTypeText@6f03482] output={null}]]]>
              </value>
            </param>
          </params>
          <reporter-output>
          </reporter-output>
        </test-method> <!-- afterEachTestMethod -->
        <test-method is-config="true" signature="cleanUp()[pri:0, instance:home.TestTypeText@6f03482]" started-at="2019-10-12T06:16:23 EDT" name="cleanUp" finished-at="2019-10-12T06:16:24 EDT" duration-ms="662" status="PASS">
          <reporter-output>
          </reporter-output>
        </test-method> <!-- cleanUp -->
        <test-method is-config="true" signature="setUp(java.lang.String)[pri:0, instance:home.TestTypeText@6f03482]" started-at="2019-10-12T06:16:24 EDT" name="setUp" finished-at="2019-10-12T06:16:37 EDT" duration-ms="13444" status="PASS">
          <params>
            <param index="0">
              <value>
                <![CDATA[https://www.cnn.com]]>
              </value>
            </param>
          </params>
          <reporter-output>
          </reporter-output>
        </test-method> <!-- setUp -->
        <test-method is-config="true" signature="startExtent(java.lang.reflect.Method)[pri:0, instance:home.TestTypeText@6f03482]" started-at="2019-10-12T06:16:37 EDT" name="startExtent" finished-at="2019-10-12T06:16:38 EDT" duration-ms="3" status="PASS">
          <params>
            <param index="0">
              <value>
                <![CDATA[public void home.TestTypeText.typeJoeBiden()]]>
              </value>
            </param>
          </params>
          <reporter-output>
          </reporter-output>
        </test-method> <!-- startExtent -->
        <test-method signature="typeJoeBiden()[pri:0, instance:home.TestTypeText@6f03482]" started-at="2019-10-12T06:16:38 EDT" name="typeJoeBiden" finished-at="2019-10-12T06:16:38 EDT" duration-ms="0" status="PASS">
          <reporter-output>
          </reporter-output>
        </test-method> <!-- typeJoeBiden -->
        <test-method is-config="true" signature="afterEachTestMethod(org.testng.ITestResult)[pri:0, instance:home.TestTypeText@6f03482]" started-at="2019-10-12T06:16:38 EDT" name="afterEachTestMethod" finished-at="2019-10-12T06:16:38 EDT" duration-ms="59" status="PASS">
          <params>
            <param index="0">
              <value>
                <![CDATA[[TestResult name=typeJoeBiden status=SUCCESS method=TestTypeText.typeJoeBiden()[pri:0, instance:home.TestTypeText@6f03482] output={null}]]]>
              </value>
            </param>
          </params>
          <reporter-output>
          </reporter-output>
        </test-method> <!-- afterEachTestMethod -->
        <test-method is-config="true" signature="cleanUp()[pri:0, instance:home.TestTypeText@6f03482]" started-at="2019-10-12T06:16:38 EDT" name="cleanUp" finished-at="2019-10-12T06:16:38 EDT" duration-ms="563" status="PASS">
          <reporter-output>
          </reporter-output>
        </test-method> <!-- cleanUp -->
        <test-method is-config="true" signature="setUp(java.lang.String)[pri:0, instance:home.TestTypeText@6f03482]" started-at="2019-10-12T06:16:38 EDT" name="setUp" finished-at="2019-10-12T06:16:47 EDT" duration-ms="9128" status="PASS">
          <params>
            <param index="0">
              <value>
                <![CDATA[https://www.cnn.com]]>
              </value>
            </param>
          </params>
          <reporter-output>
          </reporter-output>
        </test-method> <!-- setUp -->
        <test-method signature="typeJustinBieber()[pri:0, instance:home.TestTypeText@6f03482]" started-at="2019-10-12T06:16:47 EDT" name="typeJustinBieber" finished-at="2019-10-12T06:16:47 EDT" duration-ms="0" status="PASS">
          <reporter-output>
          </reporter-output>
        </test-method> <!-- typeJustinBieber -->
        <test-method is-config="true" signature="startExtent(java.lang.reflect.Method)[pri:0, instance:home.TestTypeText@6f03482]" started-at="2019-10-12T06:16:47 EDT" name="startExtent" finished-at="2019-10-12T06:16:47 EDT" duration-ms="0" status="PASS">
          <params>
            <param index="0">
              <value>
                <![CDATA[public void home.TestTypeText.typeJustinBieber()]]>
              </value>
            </param>
          </params>
          <reporter-output>
          </reporter-output>
        </test-method> <!-- startExtent -->
        <test-method is-config="true" signature="afterEachTestMethod(org.testng.ITestResult)[pri:0, instance:home.TestTypeText@6f03482]" started-at="2019-10-12T06:16:47 EDT" name="afterEachTestMethod" finished-at="2019-10-12T06:16:47 EDT" duration-ms="62" status="PASS">
          <params>
            <param index="0">
              <value>
                <![CDATA[[TestResult name=typeJustinBieber status=SUCCESS method=TestTypeText.typeJustinBieber()[pri:0, instance:home.TestTypeText@6f03482] output={null}]]]>
              </value>
            </param>
          </params>
          <reporter-output>
          </reporter-output>
        </test-method> <!-- afterEachTestMethod -->
        <test-method is-config="true" signature="cleanUp()[pri:0, instance:home.TestTypeText@6f03482]" started-at="2019-10-12T06:16:47 EDT" name="cleanUp" finished-at="2019-10-12T06:16:48 EDT" duration-ms="506" status="PASS">
          <reporter-output>
          </reporter-output>
        </test-method> <!-- cleanUp -->
        <test-method is-config="true" signature="setUp(java.lang.String)[pri:0, instance:home.TestTypeText@6f03482]" started-at="2019-10-12T06:16:48 EDT" name="setUp" finished-at="2019-10-12T06:17:00 EDT" duration-ms="12167" status="PASS">
          <params>
            <param index="0">
              <value>
                <![CDATA[https://www.cnn.com]]>
              </value>
            </param>
          </params>
          <reporter-output>
          </reporter-output>
        </test-method> <!-- setUp -->
        <test-method is-config="true" signature="startExtent(java.lang.reflect.Method)[pri:0, instance:home.TestTypeText@6f03482]" started-at="2019-10-12T06:17:00 EDT" name="startExtent" finished-at="2019-10-12T06:17:00 EDT" duration-ms="1" status="PASS">
          <params>
            <param index="0">
              <value>
                <![CDATA[public void home.TestTypeText.typeMichellePhan()]]>
              </value>
            </param>
          </params>
          <reporter-output>
          </reporter-output>
        </test-method> <!-- startExtent -->
        <test-method is-config="true" signature="afterEachTestMethod(org.testng.ITestResult)[pri:0, instance:home.TestTypeText@6f03482]" started-at="2019-10-12T06:17:00 EDT" name="afterEachTestMethod" finished-at="2019-10-12T06:17:00 EDT" duration-ms="46" status="PASS">
          <params>
            <param index="0">
              <value>
                <![CDATA[[TestResult name=typeMichellePhan status=SUCCESS method=TestTypeText.typeMichellePhan()[pri:0, instance:home.TestTypeText@6f03482] output={null}]]]>
              </value>
            </param>
          </params>
          <reporter-output>
          </reporter-output>
        </test-method> <!-- afterEachTestMethod -->
        <test-method signature="typeMichellePhan()[pri:0, instance:home.TestTypeText@6f03482]" started-at="2019-10-12T06:17:00 EDT" name="typeMichellePhan" finished-at="2019-10-12T06:17:00 EDT" duration-ms="0" status="PASS">
          <reporter-output>
          </reporter-output>
        </test-method> <!-- typeMichellePhan -->
        <test-method is-config="true" signature="cleanUp()[pri:0, instance:home.TestTypeText@6f03482]" started-at="2019-10-12T06:17:00 EDT" name="cleanUp" finished-at="2019-10-12T06:17:01 EDT" duration-ms="574" status="PASS">
          <reporter-output>
          </reporter-output>
        </test-method> <!-- cleanUp -->
        <test-method is-config="true" signature="setUp(java.lang.String)[pri:0, instance:home.TestTypeText@6f03482]" started-at="2019-10-12T06:17:01 EDT" name="setUp" finished-at="2019-10-12T06:17:14 EDT" duration-ms="13412" status="PASS">
          <params>
            <param index="0">
              <value>
                <![CDATA[https://www.cnn.com]]>
              </value>
            </param>
          </params>
          <reporter-output>
          </reporter-output>
        </test-method> <!-- setUp -->
        <test-method is-config="true" signature="startExtent(java.lang.reflect.Method)[pri:0, instance:home.TestTypeText@6f03482]" started-at="2019-10-12T06:17:14 EDT" name="startExtent" finished-at="2019-10-12T06:17:14 EDT" duration-ms="0" status="PASS">
          <params>
            <param index="0">
              <value>
                <![CDATA[public void home.TestTypeText.typeMta()]]>
              </value>
            </param>
          </params>
          <reporter-output>
          </reporter-output>
        </test-method> <!-- startExtent -->
        <test-method is-config="true" signature="afterEachTestMethod(org.testng.ITestResult)[pri:0, instance:home.TestTypeText@6f03482]" started-at="2019-10-12T06:17:14 EDT" name="afterEachTestMethod" finished-at="2019-10-12T06:17:14 EDT" duration-ms="49" status="PASS">
          <params>
            <param index="0">
              <value>
                <![CDATA[[TestResult name=typeMta status=SUCCESS method=TestTypeText.typeMta()[pri:0, instance:home.TestTypeText@6f03482] output={null}]]]>
              </value>
            </param>
          </params>
          <reporter-output>
          </reporter-output>
        </test-method> <!-- afterEachTestMethod -->
        <test-method signature="typeMta()[pri:0, instance:home.TestTypeText@6f03482]" started-at="2019-10-12T06:17:14 EDT" name="typeMta" finished-at="2019-10-12T06:17:14 EDT" duration-ms="0" status="PASS">
          <reporter-output>
          </reporter-output>
        </test-method> <!-- typeMta -->
        <test-method is-config="true" signature="cleanUp()[pri:0, instance:home.TestTypeText@6f03482]" started-at="2019-10-12T06:17:14 EDT" name="cleanUp" finished-at="2019-10-12T06:17:15 EDT" duration-ms="551" status="PASS">
          <reporter-output>
          </reporter-output>
        </test-method> <!-- cleanUp -->
        <test-method is-config="true" signature="setUp(java.lang.String)[pri:0, instance:home.TestTypeText@6f03482]" started-at="2019-10-12T06:17:15 EDT" name="setUp" finished-at="2019-10-12T06:17:28 EDT" duration-ms="13162" status="PASS">
          <params>
            <param index="0">
              <value>
                <![CDATA[https://www.cnn.com]]>
              </value>
            </param>
          </params>
          <reporter-output>
          </reporter-output>
        </test-method> <!-- setUp -->
        <test-method is-config="true" signature="startExtent(java.lang.reflect.Method)[pri:0, instance:home.TestTypeText@6f03482]" started-at="2019-10-12T06:17:28 EDT" name="startExtent" finished-at="2019-10-12T06:17:28 EDT" duration-ms="1" status="PASS">
          <params>
            <param index="0">
              <value>
                <![CDATA[public void home.TestTypeText.typeNYPD()]]>
              </value>
            </param>
          </params>
          <reporter-output>
          </reporter-output>
        </test-method> <!-- startExtent -->
        <test-method signature="typeNYPD()[pri:0, instance:home.TestTypeText@6f03482]" started-at="2019-10-12T06:17:28 EDT" name="typeNYPD" finished-at="2019-10-12T06:17:28 EDT" duration-ms="0" status="PASS">
          <reporter-output>
          </reporter-output>
        </test-method> <!-- typeNYPD -->
        <test-method is-config="true" signature="afterEachTestMethod(org.testng.ITestResult)[pri:0, instance:home.TestTypeText@6f03482]" started-at="2019-10-12T06:17:28 EDT" name="afterEachTestMethod" finished-at="2019-10-12T06:17:28 EDT" duration-ms="77" status="PASS">
          <params>
            <param index="0">
              <value>
                <![CDATA[[TestResult name=typeNYPD status=SUCCESS method=TestTypeText.typeNYPD()[pri:0, instance:home.TestTypeText@6f03482] output={null}]]]>
              </value>
            </param>
          </params>
          <reporter-output>
          </reporter-output>
        </test-method> <!-- afterEachTestMethod -->
        <test-method is-config="true" signature="cleanUp()[pri:0, instance:home.TestTypeText@6f03482]" started-at="2019-10-12T06:17:28 EDT" name="cleanUp" finished-at="2019-10-12T06:17:28 EDT" duration-ms="549" status="PASS">
          <reporter-output>
          </reporter-output>
        </test-method> <!-- cleanUp -->
        <test-method is-config="true" signature="setUp(java.lang.String)[pri:0, instance:home.TestTypeText@6f03482]" started-at="2019-10-12T06:17:28 EDT" name="setUp" finished-at="2019-10-12T06:17:41 EDT" duration-ms="12517" status="PASS">
          <params>
            <param index="0">
              <value>
                <![CDATA[https://www.cnn.com]]>
              </value>
            </param>
          </params>
          <reporter-output>
          </reporter-output>
        </test-method> <!-- setUp -->
        <test-method is-config="true" signature="startExtent(java.lang.reflect.Method)[pri:0, instance:home.TestTypeText@6f03482]" started-at="2019-10-12T06:17:41 EDT" name="startExtent" finished-at="2019-10-12T06:17:41 EDT" duration-ms="1" status="PASS">
          <params>
            <param index="0">
              <value>
                <![CDATA[public void home.TestTypeText.typeNYSubway()]]>
              </value>
            </param>
          </params>
          <reporter-output>
          </reporter-output>
        </test-method> <!-- startExtent -->
        <test-method is-config="true" signature="afterEachTestMethod(org.testng.ITestResult)[pri:0, instance:home.TestTypeText@6f03482]" started-at="2019-10-12T06:17:41 EDT" name="afterEachTestMethod" finished-at="2019-10-12T06:17:41 EDT" duration-ms="59" status="PASS">
          <params>
            <param index="0">
              <value>
                <![CDATA[[TestResult name=typeNYSubway status=SUCCESS method=TestTypeText.typeNYSubway()[pri:0, instance:home.TestTypeText@6f03482] output={null}]]]>
              </value>
            </param>
          </params>
          <reporter-output>
          </reporter-output>
        </test-method> <!-- afterEachTestMethod -->
        <test-method signature="typeNYSubway()[pri:0, instance:home.TestTypeText@6f03482]" started-at="2019-10-12T06:17:41 EDT" name="typeNYSubway" finished-at="2019-10-12T06:17:41 EDT" duration-ms="0" status="PASS">
          <reporter-output>
          </reporter-output>
        </test-method> <!-- typeNYSubway -->
        <test-method is-config="true" signature="cleanUp()[pri:0, instance:home.TestTypeText@6f03482]" started-at="2019-10-12T06:17:41 EDT" name="cleanUp" finished-at="2019-10-12T06:17:42 EDT" duration-ms="586" status="PASS">
          <reporter-output>
          </reporter-output>
        </test-method> <!-- cleanUp -->
        <test-method is-config="true" signature="setUp(java.lang.String)[pri:0, instance:home.TestTypeText@6f03482]" started-at="2019-10-12T06:17:42 EDT" name="setUp" finished-at="2019-10-12T06:17:53 EDT" duration-ms="11283" status="PASS">
          <params>
            <param index="0">
              <value>
                <![CDATA[https://www.cnn.com]]>
              </value>
            </param>
          </params>
          <reporter-output>
          </reporter-output>
        </test-method> <!-- setUp -->
        <test-method is-config="true" signature="startExtent(java.lang.reflect.Method)[pri:0, instance:home.TestTypeText@6f03482]" started-at="2019-10-12T06:17:53 EDT" name="startExtent" finished-at="2019-10-12T06:17:53 EDT" duration-ms="1" status="PASS">
          <params>
            <param index="0">
              <value>
                <![CDATA[public void home.TestTypeText.typeNancyPelosi()]]>
              </value>
            </param>
          </params>
          <reporter-output>
          </reporter-output>
        </test-method> <!-- startExtent -->
        <test-method is-config="true" signature="afterEachTestMethod(org.testng.ITestResult)[pri:0, instance:home.TestTypeText@6f03482]" started-at="2019-10-12T06:17:53 EDT" name="afterEachTestMethod" finished-at="2019-10-12T06:17:53 EDT" duration-ms="76" status="PASS">
          <params>
            <param index="0">
              <value>
                <![CDATA[[TestResult name=typeNancyPelosi status=SUCCESS method=TestTypeText.typeNancyPelosi()[pri:0, instance:home.TestTypeText@6f03482] output={null}]]]>
              </value>
            </param>
          </params>
          <reporter-output>
          </reporter-output>
        </test-method> <!-- afterEachTestMethod -->
        <test-method signature="typeNancyPelosi()[pri:0, instance:home.TestTypeText@6f03482]" started-at="2019-10-12T06:17:53 EDT" name="typeNancyPelosi" finished-at="2019-10-12T06:17:53 EDT" duration-ms="0" status="PASS">
          <reporter-output>
          </reporter-output>
        </test-method> <!-- typeNancyPelosi -->
        <test-method is-config="true" signature="cleanUp()[pri:0, instance:home.TestTypeText@6f03482]" started-at="2019-10-12T06:17:53 EDT" name="cleanUp" finished-at="2019-10-12T06:17:54 EDT" duration-ms="687" status="PASS">
          <reporter-output>
          </reporter-output>
        </test-method> <!-- cleanUp -->
        <test-method is-config="true" signature="setUp(java.lang.String)[pri:0, instance:home.TestTypeText@6f03482]" started-at="2019-10-12T06:17:54 EDT" name="setUp" finished-at="2019-10-12T06:18:06 EDT" duration-ms="12193" status="PASS">
          <params>
            <param index="0">
              <value>
                <![CDATA[https://www.cnn.com]]>
              </value>
            </param>
          </params>
          <reporter-output>
          </reporter-output>
        </test-method> <!-- setUp -->
        <test-method is-config="true" signature="startExtent(java.lang.reflect.Method)[pri:0, instance:home.TestTypeText@6f03482]" started-at="2019-10-12T06:18:06 EDT" name="startExtent" finished-at="2019-10-12T06:18:06 EDT" duration-ms="1" status="PASS">
          <params>
            <param index="0">
              <value>
                <![CDATA[public void home.TestTypeText.typeNasa()]]>
              </value>
            </param>
          </params>
          <reporter-output>
          </reporter-output>
        </test-method> <!-- startExtent -->
        <test-method signature="typeNasa()[pri:0, instance:home.TestTypeText@6f03482]" started-at="2019-10-12T06:18:06 EDT" name="typeNasa" finished-at="2019-10-12T06:18:06 EDT" duration-ms="0" status="PASS">
          <reporter-output>
          </reporter-output>
        </test-method> <!-- typeNasa -->
        <test-method is-config="true" signature="afterEachTestMethod(org.testng.ITestResult)[pri:0, instance:home.TestTypeText@6f03482]" started-at="2019-10-12T06:18:06 EDT" name="afterEachTestMethod" finished-at="2019-10-12T06:18:06 EDT" duration-ms="59" status="PASS">
          <params>
            <param index="0">
              <value>
                <![CDATA[[TestResult name=typeNasa status=SUCCESS method=TestTypeText.typeNasa()[pri:0, instance:home.TestTypeText@6f03482] output={null}]]]>
              </value>
            </param>
          </params>
          <reporter-output>
          </reporter-output>
        </test-method> <!-- afterEachTestMethod -->
        <test-method is-config="true" signature="cleanUp()[pri:0, instance:home.TestTypeText@6f03482]" started-at="2019-10-12T06:18:06 EDT" name="cleanUp" finished-at="2019-10-12T06:18:07 EDT" duration-ms="650" status="PASS">
          <reporter-output>
          </reporter-output>
        </test-method> <!-- cleanUp -->
        <test-method is-config="true" signature="setUp(java.lang.String)[pri:0, instance:home.TestTypeText@6f03482]" started-at="2019-10-12T06:18:07 EDT" name="setUp" finished-at="2019-10-12T06:18:19 EDT" duration-ms="12430" status="PASS">
          <params>
            <param index="0">
              <value>
                <![CDATA[https://www.cnn.com]]>
              </value>
            </param>
          </params>
          <reporter-output>
          </reporter-output>
        </test-method> <!-- setUp -->
        <test-method is-config="true" signature="startExtent(java.lang.reflect.Method)[pri:0, instance:home.TestTypeText@6f03482]" started-at="2019-10-12T06:18:19 EDT" name="startExtent" finished-at="2019-10-12T06:18:19 EDT" duration-ms="1" status="PASS">
          <params>
            <param index="0">
              <value>
                <![CDATA[public void home.TestTypeText.typeRecent()]]>
              </value>
            </param>
          </params>
          <reporter-output>
          </reporter-output>
        </test-method> <!-- startExtent -->
        <test-method is-config="true" signature="afterEachTestMethod(org.testng.ITestResult)[pri:0, instance:home.TestTypeText@6f03482]" started-at="2019-10-12T06:18:19 EDT" name="afterEachTestMethod" finished-at="2019-10-12T06:18:19 EDT" duration-ms="64" status="PASS">
          <params>
            <param index="0">
              <value>
                <![CDATA[[TestResult name=typeRecent status=SUCCESS method=TestTypeText.typeRecent()[pri:0, instance:home.TestTypeText@6f03482] output={null}]]]>
              </value>
            </param>
          </params>
          <reporter-output>
          </reporter-output>
        </test-method> <!-- afterEachTestMethod -->
        <test-method signature="typeRecent()[pri:0, instance:home.TestTypeText@6f03482]" started-at="2019-10-12T06:18:19 EDT" name="typeRecent" finished-at="2019-10-12T06:18:19 EDT" duration-ms="0" status="PASS">
          <reporter-output>
          </reporter-output>
        </test-method> <!-- typeRecent -->
        <test-method is-config="true" signature="cleanUp()[pri:0, instance:home.TestTypeText@6f03482]" started-at="2019-10-12T06:18:19 EDT" name="cleanUp" finished-at="2019-10-12T06:18:20 EDT" duration-ms="535" status="PASS">
          <reporter-output>
          </reporter-output>
        </test-method> <!-- cleanUp -->
        <test-method is-config="true" signature="setUp(java.lang.String)[pri:0, instance:home.TestTypeText@6f03482]" started-at="2019-10-12T06:18:20 EDT" name="setUp" finished-at="2019-10-12T06:18:32 EDT" duration-ms="12445" status="PASS">
          <params>
            <param index="0">
              <value>
                <![CDATA[https://www.cnn.com]]>
              </value>
            </param>
          </params>
          <reporter-output>
          </reporter-output>
        </test-method> <!-- setUp -->
        <test-method is-config="true" signature="startExtent(java.lang.reflect.Method)[pri:0, instance:home.TestTypeText@6f03482]" started-at="2019-10-12T06:18:32 EDT" name="startExtent" finished-at="2019-10-12T06:18:32 EDT" duration-ms="0" status="PASS">
          <params>
            <param index="0">
              <value>
                <![CDATA[public void home.TestTypeText.typeRepublicans()]]>
              </value>
            </param>
          </params>
          <reporter-output>
          </reporter-output>
        </test-method> <!-- startExtent -->
        <test-method signature="typeRepublicans()[pri:0, instance:home.TestTypeText@6f03482]" started-at="2019-10-12T06:18:32 EDT" name="typeRepublicans" finished-at="2019-10-12T06:18:32 EDT" duration-ms="0" status="PASS">
          <reporter-output>
          </reporter-output>
        </test-method> <!-- typeRepublicans -->
        <test-method is-config="true" signature="afterEachTestMethod(org.testng.ITestResult)[pri:0, instance:home.TestTypeText@6f03482]" started-at="2019-10-12T06:18:32 EDT" name="afterEachTestMethod" finished-at="2019-10-12T06:18:32 EDT" duration-ms="65" status="PASS">
          <params>
            <param index="0">
              <value>
                <![CDATA[[TestResult name=typeRepublicans status=SUCCESS method=TestTypeText.typeRepublicans()[pri:0, instance:home.TestTypeText@6f03482] output={null}]]]>
              </value>
            </param>
          </params>
          <reporter-output>
          </reporter-output>
        </test-method> <!-- afterEachTestMethod -->
        <test-method is-config="true" signature="cleanUp()[pri:0, instance:home.TestTypeText@6f03482]" started-at="2019-10-12T06:18:32 EDT" name="cleanUp" finished-at="2019-10-12T06:18:33 EDT" duration-ms="715" status="PASS">
          <reporter-output>
          </reporter-output>
        </test-method> <!-- cleanUp -->
        <test-method is-config="true" signature="setUp(java.lang.String)[pri:0, instance:home.TestTypeText@6f03482]" started-at="2019-10-12T06:18:33 EDT" name="setUp" finished-at="2019-10-12T06:18:47 EDT" duration-ms="14409" status="PASS">
          <params>
            <param index="0">
              <value>
                <![CDATA[https://www.cnn.com]]>
              </value>
            </param>
          </params>
          <reporter-output>
          </reporter-output>
        </test-method> <!-- setUp -->
        <test-method is-config="true" signature="startExtent(java.lang.reflect.Method)[pri:0, instance:home.TestTypeText@6f03482]" started-at="2019-10-12T06:18:47 EDT" name="startExtent" finished-at="2019-10-12T06:18:47 EDT" duration-ms="1" status="PASS">
          <params>
            <param index="0">
              <value>
                <![CDATA[public void home.TestTypeText.typeSamSung()]]>
              </value>
            </param>
          </params>
          <reporter-output>
          </reporter-output>
        </test-method> <!-- startExtent -->
        <test-method is-config="true" signature="afterEachTestMethod(org.testng.ITestResult)[pri:0, instance:home.TestTypeText@6f03482]" started-at="2019-10-12T06:18:47 EDT" name="afterEachTestMethod" finished-at="2019-10-12T06:18:47 EDT" duration-ms="85" status="PASS">
          <params>
            <param index="0">
              <value>
                <![CDATA[[TestResult name=typeSamSung status=SUCCESS method=TestTypeText.typeSamSung()[pri:0, instance:home.TestTypeText@6f03482] output={null}]]]>
              </value>
            </param>
          </params>
          <reporter-output>
          </reporter-output>
        </test-method> <!-- afterEachTestMethod -->
        <test-method signature="typeSamSung()[pri:0, instance:home.TestTypeText@6f03482]" started-at="2019-10-12T06:18:47 EDT" name="typeSamSung" finished-at="2019-10-12T06:18:47 EDT" duration-ms="0" status="PASS">
          <reporter-output>
          </reporter-output>
        </test-method> <!-- typeSamSung -->
        <test-method is-config="true" signature="cleanUp()[pri:0, instance:home.TestTypeText@6f03482]" started-at="2019-10-12T06:18:47 EDT" name="cleanUp" finished-at="2019-10-12T06:18:48 EDT" duration-ms="696" status="PASS">
          <reporter-output>
          </reporter-output>
        </test-method> <!-- cleanUp -->
        <test-method is-config="true" signature="setUp(java.lang.String)[pri:0, instance:home.TestTypeText@6f03482]" started-at="2019-10-12T06:18:48 EDT" name="setUp" finished-at="2019-10-12T06:18:59 EDT" duration-ms="11301" status="PASS">
          <params>
            <param index="0">
              <value>
                <![CDATA[https://www.cnn.com]]>
              </value>
            </param>
          </params>
          <reporter-output>
          </reporter-output>
        </test-method> <!-- setUp -->
        <test-method signature="typeTechnology()[pri:0, instance:home.TestTypeText@6f03482]" started-at="2019-10-12T06:18:59 EDT" name="typeTechnology" finished-at="2019-10-12T06:18:59 EDT" duration-ms="0" status="PASS">
          <reporter-output>
          </reporter-output>
        </test-method> <!-- typeTechnology -->
        <test-method is-config="true" signature="startExtent(java.lang.reflect.Method)[pri:0, instance:home.TestTypeText@6f03482]" started-at="2019-10-12T06:18:59 EDT" name="startExtent" finished-at="2019-10-12T06:18:59 EDT" duration-ms="0" status="PASS">
          <params>
            <param index="0">
              <value>
                <![CDATA[public void home.TestTypeText.typeTechnology()]]>
              </value>
            </param>
          </params>
          <reporter-output>
          </reporter-output>
        </test-method> <!-- startExtent -->
        <test-method is-config="true" signature="afterEachTestMethod(org.testng.ITestResult)[pri:0, instance:home.TestTypeText@6f03482]" started-at="2019-10-12T06:18:59 EDT" name="afterEachTestMethod" finished-at="2019-10-12T06:18:59 EDT" duration-ms="55" status="PASS">
          <params>
            <param index="0">
              <value>
                <![CDATA[[TestResult name=typeTechnology status=SUCCESS method=TestTypeText.typeTechnology()[pri:0, instance:home.TestTypeText@6f03482] output={null}]]]>
              </value>
            </param>
          </params>
          <reporter-output>
          </reporter-output>
        </test-method> <!-- afterEachTestMethod -->
        <test-method is-config="true" signature="cleanUp()[pri:0, instance:home.TestTypeText@6f03482]" started-at="2019-10-12T06:18:59 EDT" name="cleanUp" finished-at="2019-10-12T06:19:00 EDT" duration-ms="691" status="PASS">
          <reporter-output>
          </reporter-output>
        </test-method> <!-- cleanUp -->
        <test-method is-config="true" signature="setUp(java.lang.String)[pri:0, instance:home.TestTypeText@6f03482]" started-at="2019-10-12T06:19:00 EDT" name="setUp" finished-at="2019-10-12T06:19:13 EDT" duration-ms="12898" status="PASS">
          <params>
            <param index="0">
              <value>
                <![CDATA[https://www.cnn.com]]>
              </value>
            </param>
          </params>
          <reporter-output>
          </reporter-output>
        </test-method> <!-- setUp -->
        <test-method signature="typeTrump()[pri:0, instance:home.TestTypeText@6f03482]" started-at="2019-10-12T06:19:13 EDT" name="typeTrump" finished-at="2019-10-12T06:19:13 EDT" duration-ms="0" status="PASS">
          <reporter-output>
          </reporter-output>
        </test-method> <!-- typeTrump -->
        <test-method is-config="true" signature="startExtent(java.lang.reflect.Method)[pri:0, instance:home.TestTypeText@6f03482]" started-at="2019-10-12T06:19:13 EDT" name="startExtent" finished-at="2019-10-12T06:19:13 EDT" duration-ms="0" status="PASS">
          <params>
            <param index="0">
              <value>
                <![CDATA[public void home.TestTypeText.typeTrump()]]>
              </value>
            </param>
          </params>
          <reporter-output>
          </reporter-output>
        </test-method> <!-- startExtent -->
        <test-method is-config="true" signature="afterEachTestMethod(org.testng.ITestResult)[pri:0, instance:home.TestTypeText@6f03482]" started-at="2019-10-12T06:19:13 EDT" name="afterEachTestMethod" finished-at="2019-10-12T06:19:13 EDT" duration-ms="66" status="PASS">
          <params>
            <param index="0">
              <value>
                <![CDATA[[TestResult name=typeTrump status=SUCCESS method=TestTypeText.typeTrump()[pri:0, instance:home.TestTypeText@6f03482] output={null}]]]>
              </value>
            </param>
          </params>
          <reporter-output>
          </reporter-output>
        </test-method> <!-- afterEachTestMethod -->
        <test-method is-config="true" signature="cleanUp()[pri:0, instance:home.TestTypeText@6f03482]" started-at="2019-10-12T06:19:13 EDT" name="cleanUp" finished-at="2019-10-12T06:19:14 EDT" duration-ms="633" status="PASS">
          <reporter-output>
          </reporter-output>
        </test-method> <!-- cleanUp -->
        <test-method is-config="true" signature="setUp(java.lang.String)[pri:0, instance:home.TestTypeText@6f03482]" started-at="2019-10-12T06:19:14 EDT" name="setUp" finished-at="2019-10-12T06:19:28 EDT" duration-ms="14174" status="PASS">
          <params>
            <param index="0">
              <value>
                <![CDATA[https://www.cnn.com]]>
              </value>
            </param>
          </params>
          <reporter-output>
          </reporter-output>
        </test-method> <!-- setUp -->
        <test-method is-config="true" signature="startExtent(java.lang.reflect.Method)[pri:0, instance:home.TestTypeText@6f03482]" started-at="2019-10-12T06:19:28 EDT" name="startExtent" finished-at="2019-10-12T06:19:28 EDT" duration-ms="1" status="PASS">
          <params>
            <param index="0">
              <value>
                <![CDATA[public void home.TestTypeText.typeUnemployment()]]>
              </value>
            </param>
          </params>
          <reporter-output>
          </reporter-output>
        </test-method> <!-- startExtent -->
        <test-method is-config="true" signature="afterEachTestMethod(org.testng.ITestResult)[pri:0, instance:home.TestTypeText@6f03482]" started-at="2019-10-12T06:19:28 EDT" name="afterEachTestMethod" finished-at="2019-10-12T06:19:28 EDT" duration-ms="83" status="PASS">
          <params>
            <param index="0">
              <value>
                <![CDATA[[TestResult name=typeUnemployment status=SUCCESS method=TestTypeText.typeUnemployment()[pri:0, instance:home.TestTypeText@6f03482] output={null}]]]>
              </value>
            </param>
          </params>
          <reporter-output>
          </reporter-output>
        </test-method> <!-- afterEachTestMethod -->
        <test-method signature="typeUnemployment()[pri:0, instance:home.TestTypeText@6f03482]" started-at="2019-10-12T06:19:28 EDT" name="typeUnemployment" finished-at="2019-10-12T06:19:28 EDT" duration-ms="0" status="PASS">
          <reporter-output>
          </reporter-output>
        </test-method> <!-- typeUnemployment -->
        <test-method is-config="true" signature="cleanUp()[pri:0, instance:home.TestTypeText@6f03482]" started-at="2019-10-12T06:19:28 EDT" name="cleanUp" finished-at="2019-10-12T06:19:29 EDT" duration-ms="634" status="PASS">
          <reporter-output>
          </reporter-output>
        </test-method> <!-- cleanUp -->
        <test-method is-config="true" signature="setUp(java.lang.String)[pri:0, instance:home.TestTypeText@6f03482]" started-at="2019-10-12T06:19:29 EDT" name="setUp" finished-at="2019-10-12T06:19:41 EDT" duration-ms="12372" status="PASS">
          <params>
            <param index="0">
              <value>
                <![CDATA[https://www.cnn.com]]>
              </value>
            </param>
          </params>
          <reporter-output>
          </reporter-output>
        </test-method> <!-- setUp -->
        <test-method signature="typeVoting()[pri:0, instance:home.TestTypeText@6f03482]" started-at="2019-10-12T06:19:41 EDT" name="typeVoting" finished-at="2019-10-12T06:19:41 EDT" duration-ms="0" status="PASS">
          <reporter-output>
          </reporter-output>
        </test-method> <!-- typeVoting -->
        <test-method is-config="true" signature="startExtent(java.lang.reflect.Method)[pri:0, instance:home.TestTypeText@6f03482]" started-at="2019-10-12T06:19:41 EDT" name="startExtent" finished-at="2019-10-12T06:19:41 EDT" duration-ms="0" status="PASS">
          <params>
            <param index="0">
              <value>
                <![CDATA[public void home.TestTypeText.typeVoting()]]>
              </value>
            </param>
          </params>
          <reporter-output>
          </reporter-output>
        </test-method> <!-- startExtent -->
        <test-method is-config="true" signature="afterEachTestMethod(org.testng.ITestResult)[pri:0, instance:home.TestTypeText@6f03482]" started-at="2019-10-12T06:19:41 EDT" name="afterEachTestMethod" finished-at="2019-10-12T06:19:41 EDT" duration-ms="47" status="PASS">
          <params>
            <param index="0">
              <value>
                <![CDATA[[TestResult name=typeVoting status=SUCCESS method=TestTypeText.typeVoting()[pri:0, instance:home.TestTypeText@6f03482] output={null}]]]>
              </value>
            </param>
          </params>
          <reporter-output>
          </reporter-output>
        </test-method> <!-- afterEachTestMethod -->
        <test-method is-config="true" signature="cleanUp()[pri:0, instance:home.TestTypeText@6f03482]" started-at="2019-10-12T06:19:41 EDT" name="cleanUp" finished-at="2019-10-12T06:19:41 EDT" duration-ms="557" status="PASS">
          <reporter-output>
          </reporter-output>
        </test-method> <!-- cleanUp -->
      </class> <!-- home.TestTypeText -->
      <class name="home.TestSearchText">
        <test-method is-config="true" signature="setUp(java.lang.String)[pri:0, instance:home.TestSearchText@9d5509a]" started-at="2019-10-12T06:19:42 EDT" name="setUp" finished-at="2019-10-12T06:19:55 EDT" duration-ms="13153" status="PASS">
          <params>
            <param index="0">
              <value>
                <![CDATA[https://www.cnn.com]]>
              </value>
            </param>
          </params>
          <reporter-output>
          </reporter-output>
        </test-method> <!-- setUp -->
        <test-method is-config="true" signature="startExtent(java.lang.reflect.Method)[pri:0, instance:home.TestSearchText@9d5509a]" started-at="2019-10-12T06:19:55 EDT" name="startExtent" finished-at="2019-10-12T06:19:55 EDT" duration-ms="1" status="PASS">
          <params>
            <param index="0">
              <value>
                <![CDATA[public void home.TestSearchText.cnnCareers()]]>
              </value>
            </param>
          </params>
          <reporter-output>
          </reporter-output>
        </test-method> <!-- startExtent -->
        <test-method signature="cnnCareers()[pri:0, instance:home.TestSearchText@9d5509a]" started-at="2019-10-12T06:19:55 EDT" name="cnnCareers" finished-at="2019-10-12T06:19:55 EDT" duration-ms="0" status="PASS">
          <reporter-output>
          </reporter-output>
        </test-method> <!-- cnnCareers -->
        <test-method is-config="true" signature="afterEachTestMethod(org.testng.ITestResult)[pri:0, instance:home.TestSearchText@9d5509a]" started-at="2019-10-12T06:19:55 EDT" name="afterEachTestMethod" finished-at="2019-10-12T06:19:55 EDT" duration-ms="99" status="PASS">
          <params>
            <param index="0">
              <value>
                <![CDATA[[TestResult name=cnnCareers status=SUCCESS method=TestSearchText.cnnCareers()[pri:0, instance:home.TestSearchText@9d5509a] output={null}]]]>
              </value>
            </param>
          </params>
          <reporter-output>
          </reporter-output>
        </test-method> <!-- afterEachTestMethod -->
        <test-method is-config="true" signature="cleanUp()[pri:0, instance:home.TestSearchText@9d5509a]" started-at="2019-10-12T06:19:55 EDT" name="cleanUp" finished-at="2019-10-12T06:19:55 EDT" duration-ms="718" status="PASS">
          <reporter-output>
          </reporter-output>
        </test-method> <!-- cleanUp -->
        <test-method is-config="true" signature="setUp(java.lang.String)[pri:0, instance:home.TestSearchText@9d5509a]" started-at="2019-10-12T06:19:55 EDT" name="setUp" finished-at="2019-10-12T06:20:09 EDT" duration-ms="13892" status="PASS">
          <params>
            <param index="0">
              <value>
                <![CDATA[https://www.cnn.com]]>
              </value>
            </param>
          </params>
          <reporter-output>
          </reporter-output>
        </test-method> <!-- setUp -->
        <test-method is-config="true" signature="startExtent(java.lang.reflect.Method)[pri:0, instance:home.TestSearchText@9d5509a]" started-at="2019-10-12T06:20:09 EDT" name="startExtent" finished-at="2019-10-12T06:20:09 EDT" duration-ms="1" status="PASS">
          <params>
            <param index="0">
              <value>
                <![CDATA[public void home.TestSearchText.followOnFacebook()]]>
              </value>
            </param>
          </params>
          <reporter-output>
          </reporter-output>
        </test-method> <!-- startExtent -->
        <test-method is-config="true" signature="afterEachTestMethod(org.testng.ITestResult)[pri:0, instance:home.TestSearchText@9d5509a]" started-at="2019-10-12T06:20:09 EDT" name="afterEachTestMethod" finished-at="2019-10-12T06:20:09 EDT" duration-ms="53" status="PASS">
          <params>
            <param index="0">
              <value>
                <![CDATA[[TestResult name=followOnFacebook status=SUCCESS method=TestSearchText.followOnFacebook()[pri:0, instance:home.TestSearchText@9d5509a] output={null}]]]>
              </value>
            </param>
          </params>
          <reporter-output>
          </reporter-output>
        </test-method> <!-- afterEachTestMethod -->
        <test-method signature="followOnFacebook()[pri:0, instance:home.TestSearchText@9d5509a]" started-at="2019-10-12T06:20:09 EDT" name="followOnFacebook" finished-at="2019-10-12T06:20:09 EDT" duration-ms="0" status="PASS">
          <reporter-output>
          </reporter-output>
        </test-method> <!-- followOnFacebook -->
        <test-method is-config="true" signature="cleanUp()[pri:0, instance:home.TestSearchText@9d5509a]" started-at="2019-10-12T06:20:09 EDT" name="cleanUp" finished-at="2019-10-12T06:20:10 EDT" duration-ms="568" status="PASS">
          <reporter-output>
          </reporter-output>
        </test-method> <!-- cleanUp -->
        <test-method is-config="true" signature="setUp(java.lang.String)[pri:0, instance:home.TestSearchText@9d5509a]" started-at="2019-10-12T06:20:10 EDT" name="setUp" finished-at="2019-10-12T06:20:19 EDT" duration-ms="8594" status="PASS">
          <params>
            <param index="0">
              <value>
                <![CDATA[https://www.cnn.com]]>
              </value>
            </param>
          </params>
          <reporter-output>
          </reporter-output>
        </test-method> <!-- setUp -->
        <test-method is-config="true" signature="startExtent(java.lang.reflect.Method)[pri:0, instance:home.TestSearchText@9d5509a]" started-at="2019-10-12T06:20:19 EDT" name="startExtent" finished-at="2019-10-12T06:20:19 EDT" duration-ms="1" status="PASS">
          <params>
            <param index="0">
              <value>
                <![CDATA[public void home.TestSearchText.followOnInstagram()]]>
              </value>
            </param>
          </params>
          <reporter-output>
          </reporter-output>
        </test-method> <!-- startExtent -->
        <test-method is-config="true" signature="afterEachTestMethod(org.testng.ITestResult)[pri:0, instance:home.TestSearchText@9d5509a]" started-at="2019-10-12T06:20:19 EDT" name="afterEachTestMethod" finished-at="2019-10-12T06:20:19 EDT" duration-ms="68" status="PASS">
          <params>
            <param index="0">
              <value>
                <![CDATA[[TestResult name=followOnInstagram status=SUCCESS method=TestSearchText.followOnInstagram()[pri:0, instance:home.TestSearchText@9d5509a] output={null}]]]>
              </value>
            </param>
          </params>
          <reporter-output>
          </reporter-output>
        </test-method> <!-- afterEachTestMethod -->
        <test-method signature="followOnInstagram()[pri:0, instance:home.TestSearchText@9d5509a]" started-at="2019-10-12T06:20:19 EDT" name="followOnInstagram" finished-at="2019-10-12T06:20:19 EDT" duration-ms="0" status="PASS">
          <reporter-output>
          </reporter-output>
        </test-method> <!-- followOnInstagram -->
        <test-method is-config="true" signature="cleanUp()[pri:0, instance:home.TestSearchText@9d5509a]" started-at="2019-10-12T06:20:19 EDT" name="cleanUp" finished-at="2019-10-12T06:20:19 EDT" duration-ms="649" status="PASS">
          <reporter-output>
          </reporter-output>
        </test-method> <!-- cleanUp -->
        <test-method is-config="true" signature="setUp(java.lang.String)[pri:0, instance:home.TestSearchText@9d5509a]" started-at="2019-10-12T06:20:19 EDT" name="setUp" finished-at="2019-10-12T06:20:33 EDT" duration-ms="13596" status="PASS">
          <params>
            <param index="0">
              <value>
                <![CDATA[https://www.cnn.com]]>
              </value>
            </param>
          </params>
          <reporter-output>
          </reporter-output>
        </test-method> <!-- setUp -->
        <test-method signature="followOnTwitter()[pri:0, instance:home.TestSearchText@9d5509a]" started-at="2019-10-12T06:20:33 EDT" name="followOnTwitter" finished-at="2019-10-12T06:20:33 EDT" duration-ms="1" status="PASS">
          <reporter-output>
          </reporter-output>
        </test-method> <!-- followOnTwitter -->
        <test-method is-config="true" signature="startExtent(java.lang.reflect.Method)[pri:0, instance:home.TestSearchText@9d5509a]" started-at="2019-10-12T06:20:33 EDT" name="startExtent" finished-at="2019-10-12T06:20:33 EDT" duration-ms="0" status="PASS">
          <params>
            <param index="0">
              <value>
                <![CDATA[public void home.TestSearchText.followOnTwitter()]]>
              </value>
            </param>
          </params>
          <reporter-output>
          </reporter-output>
        </test-method> <!-- startExtent -->
        <test-method is-config="true" signature="afterEachTestMethod(org.testng.ITestResult)[pri:0, instance:home.TestSearchText@9d5509a]" started-at="2019-10-12T06:20:33 EDT" name="afterEachTestMethod" finished-at="2019-10-12T06:20:33 EDT" duration-ms="61" status="PASS">
          <params>
            <param index="0">
              <value>
                <![CDATA[[TestResult name=followOnTwitter status=SUCCESS method=TestSearchText.followOnTwitter()[pri:0, instance:home.TestSearchText@9d5509a] output={null}]]]>
              </value>
            </param>
          </params>
          <reporter-output>
          </reporter-output>
        </test-method> <!-- afterEachTestMethod -->
        <test-method is-config="true" signature="cleanUp()[pri:0, instance:home.TestSearchText@9d5509a]" started-at="2019-10-12T06:20:33 EDT" name="cleanUp" finished-at="2019-10-12T06:20:33 EDT" duration-ms="518" status="PASS">
          <reporter-output>
          </reporter-output>
        </test-method> <!-- cleanUp -->
        <test-method is-config="true" signature="setUp(java.lang.String)[pri:0, instance:home.TestSearchText@9d5509a]" started-at="2019-10-12T06:20:33 EDT" name="setUp" finished-at="2019-10-12T06:20:42 EDT" duration-ms="8960" status="PASS">
          <params>
            <param index="0">
              <value>
                <![CDATA[https://www.cnn.com]]>
              </value>
            </param>
          </params>
          <reporter-output>
          </reporter-output>
        </test-method> <!-- setUp -->
        <test-method is-config="true" signature="startExtent(java.lang.reflect.Method)[pri:0, instance:home.TestSearchText@9d5509a]" started-at="2019-10-12T06:20:42 EDT" name="startExtent" finished-at="2019-10-12T06:20:42 EDT" duration-ms="0" status="PASS">
          <params>
            <param index="0">
              <value>
                <![CDATA[public void home.TestSearchText.getChina()]]>
              </value>
            </param>
          </params>
          <reporter-output>
          </reporter-output>
        </test-method> <!-- startExtent -->
        <test-method signature="getChina()[pri:0, instance:home.TestSearchText@9d5509a]" started-at="2019-10-12T06:20:42 EDT" name="getChina" finished-at="2019-10-12T06:20:42 EDT" duration-ms="1" status="PASS">
          <reporter-output>
          </reporter-output>
        </test-method> <!-- getChina -->
        <test-method is-config="true" signature="afterEachTestMethod(org.testng.ITestResult)[pri:0, instance:home.TestSearchText@9d5509a]" started-at="2019-10-12T06:20:42 EDT" name="afterEachTestMethod" finished-at="2019-10-12T06:20:42 EDT" duration-ms="57" status="PASS">
          <params>
            <param index="0">
              <value>
                <![CDATA[[TestResult name=getChina status=SUCCESS method=TestSearchText.getChina()[pri:0, instance:home.TestSearchText@9d5509a] output={null}]]]>
              </value>
            </param>
          </params>
          <reporter-output>
          </reporter-output>
        </test-method> <!-- afterEachTestMethod -->
        <test-method is-config="true" signature="cleanUp()[pri:0, instance:home.TestSearchText@9d5509a]" started-at="2019-10-12T06:20:42 EDT" name="cleanUp" finished-at="2019-10-12T06:20:43 EDT" duration-ms="497" status="PASS">
          <reporter-output>
          </reporter-output>
        </test-method> <!-- cleanUp -->
        <test-method is-config="true" signature="setUp(java.lang.String)[pri:0, instance:home.TestSearchText@9d5509a]" started-at="2019-10-12T06:20:43 EDT" name="setUp" finished-at="2019-10-12T06:20:57 EDT" duration-ms="14261" status="PASS">
          <params>
            <param index="0">
              <value>
                <![CDATA[https://www.cnn.com]]>
              </value>
            </param>
          </params>
          <reporter-output>
          </reporter-output>
        </test-method> <!-- setUp -->
        <test-method is-config="true" signature="startExtent(java.lang.reflect.Method)[pri:0, instance:home.TestSearchText@9d5509a]" started-at="2019-10-12T06:20:57 EDT" name="startExtent" finished-at="2019-10-12T06:20:57 EDT" duration-ms="0" status="PASS">
          <params>
            <param index="0">
              <value>
                <![CDATA[public void home.TestSearchText.getCongress()]]>
              </value>
            </param>
          </params>
          <reporter-output>
          </reporter-output>
        </test-method> <!-- startExtent -->
        <test-method signature="getCongress()[pri:0, instance:home.TestSearchText@9d5509a]" started-at="2019-10-12T06:20:57 EDT" name="getCongress" finished-at="2019-10-12T06:20:57 EDT" duration-ms="0" status="PASS">
          <reporter-output>
          </reporter-output>
        </test-method> <!-- getCongress -->
        <test-method is-config="true" signature="afterEachTestMethod(org.testng.ITestResult)[pri:0, instance:home.TestSearchText@9d5509a]" started-at="2019-10-12T06:20:57 EDT" name="afterEachTestMethod" finished-at="2019-10-12T06:20:57 EDT" duration-ms="50" status="PASS">
          <params>
            <param index="0">
              <value>
                <![CDATA[[TestResult name=getCongress status=SUCCESS method=TestSearchText.getCongress()[pri:0, instance:home.TestSearchText@9d5509a] output={null}]]]>
              </value>
            </param>
          </params>
          <reporter-output>
          </reporter-output>
        </test-method> <!-- afterEachTestMethod -->
        <test-method is-config="true" signature="cleanUp()[pri:0, instance:home.TestSearchText@9d5509a]" started-at="2019-10-12T06:20:57 EDT" name="cleanUp" finished-at="2019-10-12T06:20:58 EDT" duration-ms="631" status="PASS">
          <reporter-output>
          </reporter-output>
        </test-method> <!-- cleanUp -->
        <test-method is-config="true" signature="setUp(java.lang.String)[pri:0, instance:home.TestSearchText@9d5509a]" started-at="2019-10-12T06:20:58 EDT" name="setUp" finished-at="2019-10-12T06:21:10 EDT" duration-ms="11886" status="PASS">
          <params>
            <param index="0">
              <value>
                <![CDATA[https://www.cnn.com]]>
              </value>
            </param>
          </params>
          <reporter-output>
          </reporter-output>
        </test-method> <!-- setUp -->
        <test-method is-config="true" signature="startExtent(java.lang.reflect.Method)[pri:0, instance:home.TestSearchText@9d5509a]" started-at="2019-10-12T06:21:10 EDT" name="startExtent" finished-at="2019-10-12T06:21:10 EDT" duration-ms="2" status="PASS">
          <params>
            <param index="0">
              <value>
                <![CDATA[public void home.TestSearchText.searchBangladesh()]]>
              </value>
            </param>
          </params>
          <reporter-output>
          </reporter-output>
        </test-method> <!-- startExtent -->
        <test-method is-config="true" signature="afterEachTestMethod(org.testng.ITestResult)[pri:0, instance:home.TestSearchText@9d5509a]" started-at="2019-10-12T06:21:10 EDT" name="afterEachTestMethod" finished-at="2019-10-12T06:21:10 EDT" duration-ms="35" status="PASS">
          <params>
            <param index="0">
              <value>
                <![CDATA[[TestResult name=searchBangladesh status=SUCCESS method=TestSearchText.searchBangladesh()[pri:0, instance:home.TestSearchText@9d5509a] output={null}]]]>
              </value>
            </param>
          </params>
          <reporter-output>
          </reporter-output>
        </test-method> <!-- afterEachTestMethod -->
        <test-method signature="searchBangladesh()[pri:0, instance:home.TestSearchText@9d5509a]" started-at="2019-10-12T06:21:10 EDT" name="searchBangladesh" finished-at="2019-10-12T06:21:10 EDT" duration-ms="0" status="PASS">
          <reporter-output>
          </reporter-output>
        </test-method> <!-- searchBangladesh -->
[...]
            </param>
          </params>
          <reporter-output>
          </reporter-output>
        </test-method> <!-- afterEachTestMethod -->
        <test-method is-config="true" signature="cleanUp()[pri:0, instance:home.TestSearchPage@3eb738bb]" started-at="2019-10-12T06:06:36 EDT" name="cleanUp" finished-at="2019-10-12T06:06:37 EDT" duration-ms="562" status="PASS">
          <reporter-output>
          </reporter-output>
        </test-method> <!-- cleanUp -->
        <test-method is-config="true" signature="setUp(java.lang.String)[pri:0, instance:home.TestSearchPage@3eb738bb]" started-at="2019-10-12T06:06:37 EDT" name="setUp" finished-at="2019-10-12T06:06:50 EDT" duration-ms="13531" status="PASS">
          <params>
            <param index="0">
              <value>
                <![CDATA[https://www.cnn.com]]>
              </value>
            </param>
          </params>
          <reporter-output>
          </reporter-output>
        </test-method> <!-- setUp -->
        <test-method is-config="true" signature="startExtent(java.lang.reflect.Method)[pri:0, instance:home.TestSearchPage@3eb738bb]" started-at="2019-10-12T06:06:50 EDT" name="startExtent" finished-at="2019-10-12T06:06:50 EDT" duration-ms="1" status="PASS">
          <params>
            <param index="0">
              <value>
                <![CDATA[public void home.TestSearchPage.testEuropeSection()]]>
              </value>
            </param>
          </params>
          <reporter-output>
          </reporter-output>
        </test-method> <!-- startExtent -->
        <test-method signature="testEuropeSection()[pri:0, instance:home.TestSearchPage@3eb738bb]" started-at="2019-10-12T06:06:50 EDT" name="testEuropeSection" finished-at="2019-10-12T06:06:50 EDT" duration-ms="0" status="PASS">
          <reporter-output>
          </reporter-output>
        </test-method> <!-- testEuropeSection -->
        <test-method is-config="true" signature="afterEachTestMethod(org.testng.ITestResult)[pri:0, instance:home.TestSearchPage@3eb738bb]" started-at="2019-10-12T06:06:50 EDT" name="afterEachTestMethod" finished-at="2019-10-12T06:06:51 EDT" duration-ms="114" status="PASS">
          <params>
            <param index="0">
              <value>
                <![CDATA[[TestResult name=testEuropeSection status=SUCCESS method=TestSearchPage.testEuropeSection()[pri:0, instance:home.TestSearchPage@3eb738bb] output={null}]]]>
              </value>
            </param>
          </params>
          <reporter-output>
          </reporter-output>
        </test-method> <!-- afterEachTestMethod -->
        <test-method is-config="true" signature="cleanUp()[pri:0, instance:home.TestSearchPage@3eb738bb]" started-at="2019-10-12T06:06:51 EDT" name="cleanUp" finished-at="2019-10-12T06:06:51 EDT" duration-ms="633" status="PASS">
          <reporter-output>
          </reporter-output>
        </test-method> <!-- cleanUp -->
        <test-method is-config="true" signature="setUp(java.lang.String)[pri:0, instance:home.TestSearchPage@3eb738bb]" started-at="2019-10-12T06:06:51 EDT" name="setUp" finished-at="2019-10-12T06:07:05 EDT" duration-ms="13627" status="PASS">
          <params>
            <param index="0">
              <value>
                <![CDATA[https://www.cnn.com]]>
              </value>
            </param>
          </params>
          <reporter-output>
          </reporter-output>
        </test-method> <!-- setUp -->
        <test-method is-config="true" signature="startExtent(java.lang.reflect.Method)[pri:0, instance:home.TestSearchPage@3eb738bb]" started-at="2019-10-12T06:07:05 EDT" name="startExtent" finished-at="2019-10-12T06:07:05 EDT" duration-ms="1" status="PASS">
          <params>
            <param index="0">
              <value>
                <![CDATA[public void home.TestSearchPage.testInnovativeCitiesPage()]]>
              </value>
            </param>
          </params>
          <reporter-output>
          </reporter-output>
        </test-method> <!-- startExtent -->
        <test-method is-config="true" signature="afterEachTestMethod(org.testng.ITestResult)[pri:0, instance:home.TestSearchPage@3eb738bb]" started-at="2019-10-12T06:07:05 EDT" name="afterEachTestMethod" finished-at="2019-10-12T06:07:05 EDT" duration-ms="62" status="PASS">
          <params>
            <param index="0">
              <value>
                <![CDATA[[TestResult name=testInnovativeCitiesPage status=SUCCESS method=TestSearchPage.testInnovativeCitiesPage()[pri:0, instance:home.TestSearchPage@3eb738bb] output={null}]]]>
              </value>
            </param>
          </params>
          <reporter-output>
          </reporter-output>
        </test-method> <!-- afterEachTestMethod -->
        <test-method signature="testInnovativeCitiesPage()[pri:0, instance:home.TestSearchPage@3eb738bb]" started-at="2019-10-12T06:07:05 EDT" name="testInnovativeCitiesPage" finished-at="2019-10-12T06:07:05 EDT" duration-ms="0" status="PASS">
          <reporter-output>
          </reporter-output>
        </test-method> <!-- testInnovativeCitiesPage -->
        <test-method is-config="true" signature="cleanUp()[pri:0, instance:home.TestSearchPage@3eb738bb]" started-at="2019-10-12T06:07:05 EDT" name="cleanUp" finished-at="2019-10-12T06:07:06 EDT" duration-ms="808" status="PASS">
          <reporter-output>
          </reporter-output>
        </test-method> <!-- cleanUp -->
        <test-method is-config="true" signature="setUp(java.lang.String)[pri:0, instance:home.TestSearchPage@3eb738bb]" started-at="2019-10-12T06:07:06 EDT" name="setUp" finished-at="2019-10-12T06:07:20 EDT" duration-ms="14488" status="PASS">
          <params>
            <param index="0">
              <value>
                <![CDATA[https://www.cnn.com]]>
              </value>
            </param>
          </params>
          <reporter-output>
          </reporter-output>
        </test-method> <!-- setUp -->
        <test-method is-config="true" signature="startExtent(java.lang.reflect.Method)[pri:0, instance:home.TestSearchPage@3eb738bb]" started-at="2019-10-12T06:07:20 EDT" name="startExtent" finished-at="2019-10-12T06:07:20 EDT" duration-ms="1" status="PASS">
          <params>
            <param index="0">
              <value>
                <![CDATA[public void home.TestSearchPage.testSearchCoupons()]]>
              </value>
            </param>
          </params>
          <reporter-output>
          </reporter-output>
        </test-method> <!-- startExtent -->
        <test-method signature="testSearchCoupons()[pri:0, instance:home.TestSearchPage@3eb738bb]" started-at="2019-10-12T06:07:20 EDT" name="testSearchCoupons" finished-at="2019-10-12T06:07:20 EDT" duration-ms="0" status="PASS">
          <reporter-output>
          </reporter-output>
        </test-method> <!-- testSearchCoupons -->
        <test-method is-config="true" signature="afterEachTestMethod(org.testng.ITestResult)[pri:0, instance:home.TestSearchPage@3eb738bb]" started-at="2019-10-12T06:07:20 EDT" name="afterEachTestMethod" finished-at="2019-10-12T06:07:20 EDT" duration-ms="68" status="PASS">
          <params>
            <param index="0">
              <value>
                <![CDATA[[TestResult name=testSearchCoupons status=SUCCESS method=TestSearchPage.testSearchCoupons()[pri:0, instance:home.TestSearchPage@3eb738bb] output={null}]]]>
              </value>
            </param>
          </params>
          <reporter-output>
          </reporter-output>
        </test-method> <!-- afterEachTestMethod -->
        <test-method is-config="true" signature="cleanUp()[pri:0, instance:home.TestSearchPage@3eb738bb]" started-at="2019-10-12T06:07:20 EDT" name="cleanUp" finished-at="2019-10-12T06:07:21 EDT" duration-ms="597" status="PASS">
          <reporter-output>
          </reporter-output>
        </test-method> <!-- cleanUp -->
      </class> <!-- home.TestSearchPage -->
      <class name="home.TestLive">
        <test-method is-config="true" signature="setUp(java.lang.String)[pri:0, instance:home.TestLive@1e800aaa]" started-at="2019-10-12T06:07:34 EDT" name="setUp" finished-at="2019-10-12T06:07:48 EDT" duration-ms="13759" status="PASS">
          <params>
            <param index="0">
              <value>
                <![CDATA[https://www.cnn.com]]>
              </value>
            </param>
          </params>
          <reporter-output>
          </reporter-output>
        </test-method> <!-- setUp -->
        <test-method is-config="true" signature="startExtent(java.lang.reflect.Method)[pri:0, instance:home.TestLive@1e800aaa]" started-at="2019-10-12T06:07:48 EDT" name="startExtent" finished-at="2019-10-12T06:07:48 EDT" duration-ms="1" status="PASS">
          <params>
            <param index="0">
              <value>
                <![CDATA[public void home.TestLive.checkLiveUpdates()]]>
              </value>
            </param>
          </params>
          <reporter-output>
          </reporter-output>
        </test-method> <!-- startExtent -->
        <test-method signature="checkLiveUpdates()[pri:0, instance:home.TestLive@1e800aaa]" started-at="2019-10-12T06:07:48 EDT" name="checkLiveUpdates" finished-at="2019-10-12T06:07:48 EDT" duration-ms="0" status="PASS">
          <reporter-output>
          </reporter-output>
        </test-method> <!-- checkLiveUpdates -->
        <test-method is-config="true" signature="afterEachTestMethod(org.testng.ITestResult)[pri:0, instance:home.TestLive@1e800aaa]" started-at="2019-10-12T06:07:48 EDT" name="afterEachTestMethod" finished-at="2019-10-12T06:07:48 EDT" duration-ms="51" status="PASS">
          <params>
            <param index="0">
              <value>
                <![CDATA[[TestResult name=checkLiveUpdates status=SUCCESS method=TestLive.checkLiveUpdates()[pri:0, instance:home.TestLive@1e800aaa] output={null}]]]>
              </value>
            </param>
          </params>
          <reporter-output>
          </reporter-output>
        </test-method> <!-- afterEachTestMethod -->
        <test-method is-config="true" signature="cleanUp()[pri:0, instance:home.TestLive@1e800aaa]" started-at="2019-10-12T06:07:48 EDT" name="cleanUp" finished-at="2019-10-12T06:07:48 EDT" duration-ms="537" status="PASS">
          <reporter-output>
          </reporter-output>
        </test-method> <!-- cleanUp -->
        <test-method is-config="true" signature="setUp(java.lang.String)[pri:0, instance:home.TestLive@1e800aaa]" started-at="2019-10-12T06:07:48 EDT" name="setUp" finished-at="2019-10-12T06:08:01 EDT" duration-ms="12659" status="PASS">
          <params>
            <param index="0">
              <value>
                <![CDATA[https://www.cnn.com]]>
              </value>
            </param>
          </params>
          <reporter-output>
          </reporter-output>
        </test-method> <!-- setUp -->
        <test-method signature="testLive()[pri:0, instance:home.TestLive@1e800aaa]" started-at="2019-10-12T06:08:01 EDT" name="testLive" finished-at="2019-10-12T06:08:01 EDT" duration-ms="0" status="PASS">
          <reporter-output>
          </reporter-output>
        </test-method> <!-- testLive -->
        <test-method is-config="true" signature="startExtent(java.lang.reflect.Method)[pri:0, instance:home.TestLive@1e800aaa]" started-at="2019-10-12T06:08:01 EDT" name="startExtent" finished-at="2019-10-12T06:08:01 EDT" duration-ms="0" status="PASS">
          <params>
            <param index="0">
              <value>
                <![CDATA[public void home.TestLive.testLive()]]>
              </value>
            </param>
          </params>
          <reporter-output>
          </reporter-output>
        </test-method> <!-- startExtent -->
        <test-method is-config="true" signature="afterEachTestMethod(org.testng.ITestResult)[pri:0, instance:home.TestLive@1e800aaa]" started-at="2019-10-12T06:08:01 EDT" name="afterEachTestMethod" finished-at="2019-10-12T06:08:01 EDT" duration-ms="63" status="PASS">
          <params>
            <param index="0">
              <value>
                <![CDATA[[TestResult name=testLive status=SUCCESS method=TestLive.testLive()[pri:0, instance:home.TestLive@1e800aaa] output={null}]]]>
              </value>
            </param>
          </params>
          <reporter-output>
          </reporter-output>
        </test-method> <!-- afterEachTestMethod -->
        <test-method is-config="true" signature="cleanUp()[pri:0, instance:home.TestLive@1e800aaa]" started-at="2019-10-12T06:08:01 EDT" name="cleanUp" finished-at="2019-10-12T06:08:02 EDT" duration-ms="680" status="PASS">
          <reporter-output>
          </reporter-output>
        </test-method> <!-- cleanUp -->
        <test-method is-config="true" signature="setUp(java.lang.String)[pri:0, instance:home.TestLive@1e800aaa]" started-at="2019-10-12T06:08:02 EDT" name="setUp" finished-at="2019-10-12T06:08:13 EDT" duration-ms="11432" status="PASS">
          <params>
            <param index="0">
              <value>
                <![CDATA[https://www.cnn.com]]>
              </value>
            </param>
          </params>
          <reporter-output>
          </reporter-output>
        </test-method> <!-- setUp -->
        <test-method is-config="true" signature="startExtent(java.lang.reflect.Method)[pri:0, instance:home.TestLive@1e800aaa]" started-at="2019-10-12T06:08:13 EDT" name="startExtent" finished-at="2019-10-12T06:08:13 EDT" duration-ms="0" status="PASS">
          <params>
            <param index="0">
              <value>
                <![CDATA[public void home.TestLive.viewChannels()]]>
              </value>
            </param>
          </params>
          <reporter-output>
          </reporter-output>
        </test-method> <!-- startExtent -->
        <test-method signature="viewChannels()[pri:0, instance:home.TestLive@1e800aaa]" started-at="2019-10-12T06:08:13 EDT" name="viewChannels" finished-at="2019-10-12T06:08:13 EDT" duration-ms="0" status="PASS">
          <reporter-output>
          </reporter-output>
        </test-method> <!-- viewChannels -->
        <test-method is-config="true" signature="afterEachTestMethod(org.testng.ITestResult)[pri:0, instance:home.TestLive@1e800aaa]" started-at="2019-10-12T06:08:13 EDT" name="afterEachTestMethod" finished-at="2019-10-12T06:08:13 EDT" duration-ms="53" status="PASS">
          <params>
            <param index="0">
              <value>
                <![CDATA[[TestResult name=viewChannels status=SUCCESS method=TestLive.viewChannels()[pri:0, instance:home.TestLive@1e800aaa] output={null}]]]>
              </value>
            </param>
          </params>
          <reporter-output>
          </reporter-output>
        </test-method> <!-- afterEachTestMethod -->
        <test-method is-config="true" signature="cleanUp()[pri:0, instance:home.TestLive@1e800aaa]" started-at="2019-10-12T06:08:13 EDT" name="cleanUp" finished-at="2019-10-12T06:08:14 EDT" duration-ms="522" status="PASS">
          <reporter-output>
          </reporter-output>
        </test-method> <!-- cleanUp -->
        <test-method is-config="true" signature="setUp(java.lang.String)[pri:0, instance:home.TestLive@1e800aaa]" started-at="2019-10-12T06:08:14 EDT" name="setUp" finished-at="2019-10-12T06:08:26 EDT" duration-ms="12768" status="PASS">
          <params>
            <param index="0">
              <value>
                <![CDATA[https://www.cnn.com]]>
              </value>
            </param>
          </params>
          <reporter-output>
          </reporter-output>
        </test-method> <!-- setUp -->
        <test-method signature="viewSettings()[pri:0, instance:home.TestLive@1e800aaa]" started-at="2019-10-12T06:08:26 EDT" name="viewSettings" finished-at="2019-10-12T06:08:26 EDT" duration-ms="0" status="PASS">
          <reporter-output>
          </reporter-output>
        </test-method> <!-- viewSettings -->
        <test-method is-config="true" signature="startExtent(java.lang.reflect.Method)[pri:0, instance:home.TestLive@1e800aaa]" started-at="2019-10-12T06:08:26 EDT" name="startExtent" finished-at="2019-10-12T06:08:26 EDT" duration-ms="0" status="PASS">
          <params>
            <param index="0">
              <value>
                <![CDATA[public void home.TestLive.viewSettings()]]>
              </value>
            </param>
          </params>
          <reporter-output>
          </reporter-output>
        </test-method> <!-- startExtent -->
        <test-method is-config="true" signature="afterEachTestMethod(org.testng.ITestResult)[pri:0, instance:home.TestLive@1e800aaa]" started-at="2019-10-12T06:08:26 EDT" name="afterEachTestMethod" finished-at="2019-10-12T06:08:26 EDT" duration-ms="68" status="PASS">
          <params>
            <param index="0">
              <value>
                <![CDATA[[TestResult name=viewSettings status=SUCCESS method=TestLive.viewSettings()[pri:0, instance:home.TestLive@1e800aaa] output={null}]]]>
              </value>
            </param>
          </params>
          <reporter-output>
          </reporter-output>
        </test-method> <!-- afterEachTestMethod -->
        <test-method is-config="true" signature="cleanUp()[pri:0, instance:home.TestLive@1e800aaa]" started-at="2019-10-12T06:08:26 EDT" name="cleanUp" finished-at="2019-10-12T06:08:27 EDT" duration-ms="626" status="PASS">
          <reporter-output>
          </reporter-output>
        </test-method> <!-- cleanUp -->
        <test-method is-config="true" signature="setUp(java.lang.String)[pri:0, instance:home.TestLive@1e800aaa]" started-at="2019-10-12T06:08:27 EDT" name="setUp" finished-at="2019-10-12T06:08:41 EDT" duration-ms="13818" status="PASS">
          <params>
            <param index="0">
              <value>
                <![CDATA[https://www.cnn.com]]>
              </value>
            </param>
          </params>
          <reporter-output>
          </reporter-output>
        </test-method> <!-- setUp -->
        <test-method is-config="true" signature="startExtent(java.lang.reflect.Method)[pri:0, instance:home.TestLive@1e800aaa]" started-at="2019-10-12T06:08:41 EDT" name="startExtent" finished-at="2019-10-12T06:08:41 EDT" duration-ms="0" status="PASS">
          <params>
            <param index="0">
              <value>
                <![CDATA[public void home.TestLive.viewShows()]]>
              </value>
            </param>
          </params>
          <reporter-output>
          </reporter-output>
        </test-method> <!-- startExtent -->
        <test-method signature="viewShows()[pri:0, instance:home.TestLive@1e800aaa]" started-at="2019-10-12T06:08:41 EDT" name="viewShows" finished-at="2019-10-12T06:08:41 EDT" duration-ms="1" status="PASS">
          <reporter-output>
          </reporter-output>
        </test-method> <!-- viewShows -->
        <test-method is-config="true" signature="afterEachTestMethod(org.testng.ITestResult)[pri:0, instance:home.TestLive@1e800aaa]" started-at="2019-10-12T06:08:41 EDT" name="afterEachTestMethod" finished-at="2019-10-12T06:08:41 EDT" duration-ms="64" status="PASS">
          <params>
            <param index="0">
              <value>
                <![CDATA[[TestResult name=viewShows status=SUCCESS method=TestLive.viewShows()[pri:0, instance:home.TestLive@1e800aaa] output={null}]]]>
              </value>
            </param>
          </params>
          <reporter-output>
          </reporter-output>
        </test-method> <!-- afterEachTestMethod -->
        <test-method is-config="true" signature="cleanUp()[pri:0, instance:home.TestLive@1e800aaa]" started-at="2019-10-12T06:08:41 EDT" name="cleanUp" finished-at="2019-10-12T06:08:42 EDT" duration-ms="610" status="PASS">
          <reporter-output>
          </reporter-output>
        </test-method> <!-- cleanUp -->
      </class> <!-- home.TestLive -->
    </test> <!-- CNN HomePage Test -->
  </suite> <!-- CNN Automation Script  -->
</testng-results>
